Added Component: Designator=C1(C 0603_L)
Add component (AddParameter): Name = "BOM名称"; Value = "无极性贴片电容"; VariantName = "[No Variations]"
Add component (AddParameter): Name = "优秀评价可免费更新"; Value = "联系淘宝ID：黄晶宝石，获取更新版封装库"; VariantName = "[No Variations]"
Add component (AddParameter): Name = "卖家免费技术支持，联系售后"; Value = "唯一出售店铺网址https://shop463601444.taobao.com"; VariantName = "[No Variations]"
Add component (AddParameter): Name = "本封装库来自淘宝卖家 ID：黄晶宝石"; Value = "其他店铺购入均为盗版，请立即申请退款"; VariantName = "[No Variations]"
Added Component: Designator=C2(C 0603_L)
Add component (AddParameter): Name = "BOM名称"; Value = "无极性贴片电容"; VariantName = "[No Variations]"
Add component (AddParameter): Name = "优秀评价可免费更新"; Value = "联系淘宝ID：黄晶宝石，获取更新版封装库"; VariantName = "[No Variations]"
Add component (AddParameter): Name = "卖家免费技术支持，联系售后"; Value = "唯一出售店铺网址https://shop463601444.taobao.com"; VariantName = "[No Variations]"
Add component (AddParameter): Name = "本封装库来自淘宝卖家 ID：黄晶宝石"; Value = "其他店铺购入均为盗版，请立即申请退款"; VariantName = "[No Variations]"
Added Component: Designator=C3(C 0603_L)
Add component (AddParameter): Name = "BOM名称"; Value = "无极性贴片电容"; VariantName = "[No Variations]"
Add component (AddParameter): Name = "优秀评价可免费更新"; Value = "联系淘宝ID：黄晶宝石，获取更新版封装库"; VariantName = "[No Variations]"
Add component (AddParameter): Name = "卖家免费技术支持，联系售后"; Value = "唯一出售店铺网址https://shop463601444.taobao.com"; VariantName = "[No Variations]"
Add component (AddParameter): Name = "本封装库来自淘宝卖家 ID：黄晶宝石"; Value = "其他店铺购入均为盗版，请立即申请退款"; VariantName = "[No Variations]"
Added Component: Designator=C4(C 0603_L)
Add component (AddParameter): Name = "BOM名称"; Value = "无极性贴片电容"; VariantName = "[No Variations]"
Add component (AddParameter): Name = "优秀评价可免费更新"; Value = "联系淘宝ID：黄晶宝石，获取更新版封装库"; VariantName = "[No Variations]"
Add component (AddParameter): Name = "卖家免费技术支持，联系售后"; Value = "唯一出售店铺网址https://shop463601444.taobao.com"; VariantName = "[No Variations]"
Add component (AddParameter): Name = "本封装库来自淘宝卖家 ID：黄晶宝石"; Value = "其他店铺购入均为盗版，请立即申请退款"; VariantName = "[No Variations]"
Added Component: Designator=C5(C 0603_L)
Add component (AddParameter): Name = "BOM名称"; Value = "无极性贴片电容"; VariantName = "[No Variations]"
Add component (AddParameter): Name = "优秀评价可免费更新"; Value = "联系淘宝ID：黄晶宝石，获取更新版封装库"; VariantName = "[No Variations]"
Add component (AddParameter): Name = "卖家免费技术支持，联系售后"; Value = "唯一出售店铺网址https://shop463601444.taobao.com"; VariantName = "[No Variations]"
Add component (AddParameter): Name = "本封装库来自淘宝卖家 ID：黄晶宝石"; Value = "其他店铺购入均为盗版，请立即申请退款"; VariantName = "[No Variations]"
Added Component: Designator=C6(C 0603_L)
Add component (AddParameter): Name = "BOM名称"; Value = "无极性贴片电容"; VariantName = "[No Variations]"
Add component (AddParameter): Name = "优秀评价可免费更新"; Value = "联系淘宝ID：黄晶宝石，获取更新版封装库"; VariantName = "[No Variations]"
Add component (AddParameter): Name = "卖家免费技术支持，联系售后"; Value = "唯一出售店铺网址https://shop463601444.taobao.com"; VariantName = "[No Variations]"
Add component (AddParameter): Name = "本封装库来自淘宝卖家 ID：黄晶宝石"; Value = "其他店铺购入均为盗版，请立即申请退款"; VariantName = "[No Variations]"
Added Component: Designator=C7(C 0603_L)
Add component (AddParameter): Name = "BOM名称"; Value = "无极性贴片电容"; VariantName = "[No Variations]"
Add component (AddParameter): Name = "优秀评价可免费更新"; Value = "联系淘宝ID：黄晶宝石，获取更新版封装库"; VariantName = "[No Variations]"
Add component (AddParameter): Name = "卖家免费技术支持，联系售后"; Value = "唯一出售店铺网址https://shop463601444.taobao.com"; VariantName = "[No Variations]"
Add component (AddParameter): Name = "本封装库来自淘宝卖家 ID：黄晶宝石"; Value = "其他店铺购入均为盗版，请立即申请退款"; VariantName = "[No Variations]"
Added Component: Designator=C8(C 0603_L)
Add component (AddParameter): Name = "BOM名称"; Value = "无极性贴片电容"; VariantName = "[No Variations]"
Add component (AddParameter): Name = "优秀评价可免费更新"; Value = "联系淘宝ID：黄晶宝石，获取更新版封装库"; VariantName = "[No Variations]"
Add component (AddParameter): Name = "卖家免费技术支持，联系售后"; Value = "唯一出售店铺网址https://shop463601444.taobao.com"; VariantName = "[No Variations]"
Add component (AddParameter): Name = "本封装库来自淘宝卖家 ID：黄晶宝石"; Value = "其他店铺购入均为盗版，请立即申请退款"; VariantName = "[No Variations]"
Added Component: Designator=C9(C 0603_L)
Add component (AddParameter): Name = "BOM名称"; Value = "无极性贴片电容"; VariantName = "[No Variations]"
Add component (AddParameter): Name = "优秀评价可免费更新"; Value = "联系淘宝ID：黄晶宝石，获取更新版封装库"; VariantName = "[No Variations]"
Add component (AddParameter): Name = "卖家免费技术支持，联系售后"; Value = "唯一出售店铺网址https://shop463601444.taobao.com"; VariantName = "[No Variations]"
Add component (AddParameter): Name = "本封装库来自淘宝卖家 ID：黄晶宝石"; Value = "其他店铺购入均为盗版，请立即申请退款"; VariantName = "[No Variations]"
Added Component: Designator=C10(C 0603_L)
Add component (AddParameter): Name = "BOM名称"; Value = "无极性贴片电容"; VariantName = "[No Variations]"
Add component (AddParameter): Name = "优秀评价可免费更新"; Value = "联系淘宝ID：黄晶宝石，获取更新版封装库"; VariantName = "[No Variations]"
Add component (AddParameter): Name = "卖家免费技术支持，联系售后"; Value = "唯一出售店铺网址https://shop463601444.taobao.com"; VariantName = "[No Variations]"
Add component (AddParameter): Name = "本封装库来自淘宝卖家 ID：黄晶宝石"; Value = "其他店铺购入均为盗版，请立即申请退款"; VariantName = "[No Variations]"
Added Component: Designator=C11(C 0603_L)
Add component (AddParameter): Name = "BOM名称"; Value = "无极性贴片电容"; VariantName = "[No Variations]"
Add component (AddParameter): Name = "优秀评价可免费更新"; Value = "联系淘宝ID：黄晶宝石，获取更新版封装库"; VariantName = "[No Variations]"
Add component (AddParameter): Name = "卖家免费技术支持，联系售后"; Value = "唯一出售店铺网址https://shop463601444.taobao.com"; VariantName = "[No Variations]"
Add component (AddParameter): Name = "本封装库来自淘宝卖家 ID：黄晶宝石"; Value = "其他店铺购入均为盗版，请立即申请退款"; VariantName = "[No Variations]"
Added Component: Designator=C12(C 0603_L)
Add component (AddParameter): Name = "BOM名称"; Value = "无极性贴片电容"; VariantName = "[No Variations]"
Add component (AddParameter): Name = "优秀评价可免费更新"; Value = "联系淘宝ID：黄晶宝石，获取更新版封装库"; VariantName = "[No Variations]"
Add component (AddParameter): Name = "卖家免费技术支持，联系售后"; Value = "唯一出售店铺网址https://shop463601444.taobao.com"; VariantName = "[No Variations]"
Add component (AddParameter): Name = "本封装库来自淘宝卖家 ID：黄晶宝石"; Value = "其他店铺购入均为盗版，请立即申请退款"; VariantName = "[No Variations]"
Added Component: Designator=C13(C 0603_L)
Add component (AddParameter): Name = "BOM名称"; Value = "无极性贴片电容"; VariantName = "[No Variations]"
Add component (AddParameter): Name = "优秀评价可免费更新"; Value = "联系淘宝ID：黄晶宝石，获取更新版封装库"; VariantName = "[No Variations]"
Add component (AddParameter): Name = "卖家免费技术支持，联系售后"; Value = "唯一出售店铺网址https://shop463601444.taobao.com"; VariantName = "[No Variations]"
Add component (AddParameter): Name = "本封装库来自淘宝卖家 ID：黄晶宝石"; Value = "其他店铺购入均为盗版，请立即申请退款"; VariantName = "[No Variations]"
Added Component: Designator=C14(C 0603_L)
Add component (AddParameter): Name = "BOM名称"; Value = "无极性贴片电容"; VariantName = "[No Variations]"
Add component (AddParameter): Name = "优秀评价可免费更新"; Value = "联系淘宝ID：黄晶宝石，获取更新版封装库"; VariantName = "[No Variations]"
Add component (AddParameter): Name = "卖家免费技术支持，联系售后"; Value = "唯一出售店铺网址https://shop463601444.taobao.com"; VariantName = "[No Variations]"
Add component (AddParameter): Name = "本封装库来自淘宝卖家 ID：黄晶宝石"; Value = "其他店铺购入均为盗版，请立即申请退款"; VariantName = "[No Variations]"
Added Component: Designator=D1(SOD-323)
Add component (AddParameter): Name = "Code_JEDEC"; Value = "DO-214-AB"; VariantName = "[No Variations]"
Add component (AddParameter): Name = "优秀评价可免费更新"; Value = "联系淘宝ID：黄晶宝石，获取更新版封装库"; VariantName = "[No Variations]"
Add component (AddParameter): Name = "卖家免费技术支持，联系售后"; Value = "唯一出售店铺网址https://shop463601444.taobao.com"; VariantName = "[No Variations]"
Add component (AddParameter): Name = "封装库 来自淘宝卖家 ID：黄晶宝石"; Value = "其他店铺购入均为盗版，请立即申请退款"; VariantName = "[No Variations]"
Added Component: Designator=D2(SOD-323)
Add component (AddParameter): Name = "Code_JEDEC"; Value = "DO-214-AB"; VariantName = "[No Variations]"
Add component (AddParameter): Name = "优秀评价可免费更新"; Value = "联系淘宝ID：黄晶宝石，获取更新版封装库"; VariantName = "[No Variations]"
Add component (AddParameter): Name = "卖家免费技术支持，联系售后"; Value = "唯一出售店铺网址https://shop463601444.taobao.com"; VariantName = "[No Variations]"
Add component (AddParameter): Name = "封装库 来自淘宝卖家 ID：黄晶宝石"; Value = "其他店铺购入均为盗版，请立即申请退款"; VariantName = "[No Variations]"
Added Component: Designator=F1(FU 0603)
Add component (AddParameter): Name = "BOM名称"; Value = "贴片保险丝"; VariantName = "[No Variations]"
Add component (AddParameter): Name = "优秀评价可免费更新"; Value = "联系淘宝ID：黄晶宝石，获取更新版封装库"; VariantName = "[No Variations]"
Add component (AddParameter): Name = "卖家免费技术支持，联系售后"; Value = "唯一出售店铺网址https://shop463601444.taobao.com"; VariantName = "[No Variations]"
Add component (AddParameter): Name = "封装库来自淘宝卖家 ID：黄晶宝石"; Value = "其他店铺购入均为盗版，请立即申请退款"; VariantName = "[No Variations]"
Add component (AddParameter): Name = "版权归属"; Value = "封装库来自淘宝卖家 ID：黄晶宝石"; VariantName = "[No Variations]"
Added Component: Designator=F2(FU 0603)
Add component (AddParameter): Name = "BOM名称"; Value = "贴片保险丝"; VariantName = "[No Variations]"
Add component (AddParameter): Name = "优秀评价可免费更新"; Value = "联系淘宝ID：黄晶宝石，获取更新版封装库"; VariantName = "[No Variations]"
Add component (AddParameter): Name = "卖家免费技术支持，联系售后"; Value = "唯一出售店铺网址https://shop463601444.taobao.com"; VariantName = "[No Variations]"
Add component (AddParameter): Name = "封装库来自淘宝卖家 ID：黄晶宝石"; Value = "其他店铺购入均为盗版，请立即申请退款"; VariantName = "[No Variations]"
Add component (AddParameter): Name = "版权归属"; Value = "封装库来自淘宝卖家 ID：黄晶宝石"; VariantName = "[No Variations]"
Added Component: Designator=J1(NGFF_BKey_5+6_PCB)
Added Component: Designator=L1(L 0603)
Add component (AddParameter): Name = "BOM名称"; Value = "小功率贴片电感"; VariantName = "[No Variations]"
Add component (AddParameter): Name = "优秀评价可免费更新"; Value = "联系淘宝ID：黄晶宝石，获取更新版封装库"; VariantName = "[No Variations]"
Add component (AddParameter): Name = "卖家免费技术支持，联系售后"; Value = "唯一出售店铺网址https://shop463601444.taobao.com"; VariantName = "[No Variations]"
Add component (AddParameter): Name = "本封装库来自淘宝卖家 ID：黄晶宝石"; Value = "其他店铺购入均为盗版，请立即申请退款"; VariantName = "[No Variations]"
Added Component: Designator=L2(L 0805)
Add component (AddParameter): Name = "BOM名称"; Value = "小功率贴片电感"; VariantName = "[No Variations]"
Add component (AddParameter): Name = "优秀评价可免费更新"; Value = "联系淘宝ID：黄晶宝石，获取更新版封装库"; VariantName = "[No Variations]"
Add component (AddParameter): Name = "卖家免费技术支持，联系售后"; Value = "唯一出售店铺网址https://shop463601444.taobao.com"; VariantName = "[No Variations]"
Add component (AddParameter): Name = "本封装库来自淘宝卖家 ID：黄晶宝石"; Value = "其他店铺购入均为盗版，请立即申请退款"; VariantName = "[No Variations]"
Added Component: Designator=L3(L 0603)
Add component (AddParameter): Name = "BOM名称"; Value = "小功率贴片电感"; VariantName = "[No Variations]"
Add component (AddParameter): Name = "优秀评价可免费更新"; Value = "联系淘宝ID：黄晶宝石，获取更新版封装库"; VariantName = "[No Variations]"
Add component (AddParameter): Name = "卖家免费技术支持，联系售后"; Value = "唯一出售店铺网址https://shop463601444.taobao.com"; VariantName = "[No Variations]"
Add component (AddParameter): Name = "本封装库来自淘宝卖家 ID：黄晶宝石"; Value = "其他店铺购入均为盗版，请立即申请退款"; VariantName = "[No Variations]"
Added Component: Designator=L4(L 0603)
Add component (AddParameter): Name = "BOM名称"; Value = "小功率贴片电感"; VariantName = "[No Variations]"
Add component (AddParameter): Name = "优秀评价可免费更新"; Value = "联系淘宝ID：黄晶宝石，获取更新版封装库"; VariantName = "[No Variations]"
Add component (AddParameter): Name = "卖家免费技术支持，联系售后"; Value = "唯一出售店铺网址https://shop463601444.taobao.com"; VariantName = "[No Variations]"
Add component (AddParameter): Name = "本封装库来自淘宝卖家 ID：黄晶宝石"; Value = "其他店铺购入均为盗版，请立即申请退款"; VariantName = "[No Variations]"
Added Component: Designator=L5(L 0603)
Add component (AddParameter): Name = "BOM名称"; Value = "小功率贴片电感"; VariantName = "[No Variations]"
Add component (AddParameter): Name = "优秀评价可免费更新"; Value = "联系淘宝ID：黄晶宝石，获取更新版封装库"; VariantName = "[No Variations]"
Add component (AddParameter): Name = "卖家免费技术支持，联系售后"; Value = "唯一出售店铺网址https://shop463601444.taobao.com"; VariantName = "[No Variations]"
Add component (AddParameter): Name = "本封装库来自淘宝卖家 ID：黄晶宝石"; Value = "其他店铺购入均为盗版，请立即申请退款"; VariantName = "[No Variations]"
Added Component: Designator=LED1(0603RGB)
Added Component: Designator=Q1(SOT-363)
Add component (AddParameter): Name = "BOM名称"; Value = "高频放大-NPN型"; VariantName = "[No Variations]"
Add component (AddParameter): Name = "卖家免费技术支持，联系售后"; Value = "唯一出售店铺网址https://shop463601444.taobao.com"; VariantName = "[No Variations]"
Add component (AddParameter): Name = "封装库来自淘宝卖家 ID：黄晶宝石"; Value = "其他店铺购入均为假冒，请立即申请退款，本店奖励2~5元现金"; VariantName = "[No Variations]"
Add component (AddParameter): Name = "属性"; Value = "40V 1.5A 1W 100MHZ"; VariantName = "[No Variations]"
Added Component: Designator=R1(RCA-8P4R-0402)
Add component (AddParameter): Name = "BOM名称"; Value = "贴片网络排阻"; VariantName = "[No Variations]"
Add component (AddParameter): Name = "优秀评价可免费更新"; Value = "联系淘宝ID：黄晶宝石，获取更新版封装库"; VariantName = "[No Variations]"
Add component (AddParameter): Name = "卖家免费技术支持，联系售后"; Value = "唯一出售店铺网址https://shop463601444.taobao.com"; VariantName = "[No Variations]"
Add component (AddParameter): Name = "本封装库来自淘宝卖家 ID：黄晶宝石"; Value = "其他店铺购入均为盗版，请立即申请退款"; VariantName = "[No Variations]"
Added Component: Designator=R2(RCA-8P4R-0402)
Add component (AddParameter): Name = "BOM名称"; Value = "贴片网络排阻"; VariantName = "[No Variations]"
Add component (AddParameter): Name = "优秀评价可免费更新"; Value = "联系淘宝ID：黄晶宝石，获取更新版封装库"; VariantName = "[No Variations]"
Add component (AddParameter): Name = "卖家免费技术支持，联系售后"; Value = "唯一出售店铺网址https://shop463601444.taobao.com"; VariantName = "[No Variations]"
Add component (AddParameter): Name = "本封装库来自淘宝卖家 ID：黄晶宝石"; Value = "其他店铺购入均为盗版，请立即申请退款"; VariantName = "[No Variations]"
Added Component: Designator=R3(RCA-8P4R-0402)
Add component (AddParameter): Name = "BOM名称"; Value = "贴片网络排阻"; VariantName = "[No Variations]"
Add component (AddParameter): Name = "优秀评价可免费更新"; Value = "联系淘宝ID：黄晶宝石，获取更新版封装库"; VariantName = "[No Variations]"
Add component (AddParameter): Name = "卖家免费技术支持，联系售后"; Value = "唯一出售店铺网址https://shop463601444.taobao.com"; VariantName = "[No Variations]"
Add component (AddParameter): Name = "本封装库来自淘宝卖家 ID：黄晶宝石"; Value = "其他店铺购入均为盗版，请立即申请退款"; VariantName = "[No Variations]"
Added Component: Designator=R4(RCA-8P4R-0402)
Add component (AddParameter): Name = "BOM名称"; Value = "贴片网络排阻"; VariantName = "[No Variations]"
Add component (AddParameter): Name = "优秀评价可免费更新"; Value = "联系淘宝ID：黄晶宝石，获取更新版封装库"; VariantName = "[No Variations]"
Add component (AddParameter): Name = "卖家免费技术支持，联系售后"; Value = "唯一出售店铺网址https://shop463601444.taobao.com"; VariantName = "[No Variations]"
Add component (AddParameter): Name = "本封装库来自淘宝卖家 ID：黄晶宝石"; Value = "其他店铺购入均为盗版，请立即申请退款"; VariantName = "[No Variations]"
Added Component: Designator=R5(RCA-8P4R-0402)
Add component (AddParameter): Name = "BOM名称"; Value = "贴片网络排阻"; VariantName = "[No Variations]"
Add component (AddParameter): Name = "优秀评价可免费更新"; Value = "联系淘宝ID：黄晶宝石，获取更新版封装库"; VariantName = "[No Variations]"
Add component (AddParameter): Name = "卖家免费技术支持，联系售后"; Value = "唯一出售店铺网址https://shop463601444.taobao.com"; VariantName = "[No Variations]"
Add component (AddParameter): Name = "本封装库来自淘宝卖家 ID：黄晶宝石"; Value = "其他店铺购入均为盗版，请立即申请退款"; VariantName = "[No Variations]"
Added Component: Designator=R6(RCA-8P4R-0402)
Add component (AddParameter): Name = "BOM名称"; Value = "贴片网络排阻"; VariantName = "[No Variations]"
Add component (AddParameter): Name = "优秀评价可免费更新"; Value = "联系淘宝ID：黄晶宝石，获取更新版封装库"; VariantName = "[No Variations]"
Add component (AddParameter): Name = "卖家免费技术支持，联系售后"; Value = "唯一出售店铺网址https://shop463601444.taobao.com"; VariantName = "[No Variations]"
Add component (AddParameter): Name = "本封装库来自淘宝卖家 ID：黄晶宝石"; Value = "其他店铺购入均为盗版，请立即申请退款"; VariantName = "[No Variations]"
Added Component: Designator=R7(RCA-8P4R-0402)
Add component (AddParameter): Name = "BOM名称"; Value = "贴片网络排阻"; VariantName = "[No Variations]"
Add component (AddParameter): Name = "优秀评价可免费更新"; Value = "联系淘宝ID：黄晶宝石，获取更新版封装库"; VariantName = "[No Variations]"
Add component (AddParameter): Name = "卖家免费技术支持，联系售后"; Value = "唯一出售店铺网址https://shop463601444.taobao.com"; VariantName = "[No Variations]"
Add component (AddParameter): Name = "本封装库来自淘宝卖家 ID：黄晶宝石"; Value = "其他店铺购入均为盗版，请立即申请退款"; VariantName = "[No Variations]"
Added Component: Designator=R8(RCA-8P4R-0402)
Add component (AddParameter): Name = "BOM名称"; Value = "贴片网络排阻"; VariantName = "[No Variations]"
Add component (AddParameter): Name = "优秀评价可免费更新"; Value = "联系淘宝ID：黄晶宝石，获取更新版封装库"; VariantName = "[No Variations]"
Add component (AddParameter): Name = "卖家免费技术支持，联系售后"; Value = "唯一出售店铺网址https://shop463601444.taobao.com"; VariantName = "[No Variations]"
Add component (AddParameter): Name = "本封装库来自淘宝卖家 ID：黄晶宝石"; Value = "其他店铺购入均为盗版，请立即申请退款"; VariantName = "[No Variations]"
Added Component: Designator=R9(R 0603_L)
Add component (AddParameter): Name = "BOM名称"; Value = "贴片电阻"; VariantName = "[No Variations]"
Add component (AddParameter): Name = "优秀评价可免费更新"; Value = "联系淘宝ID：黄晶宝石，获取更新版封装库"; VariantName = "[No Variations]"
Add component (AddParameter): Name = "卖家免费技术支持，联系售后"; Value = "唯一出售店铺网址https://shop463601444.taobao.com"; VariantName = "[No Variations]"
Add component (AddParameter): Name = "本封装库来自淘宝卖家 ID：黄晶宝石"; Value = "其他店铺购入均为盗版，请立即申请退款"; VariantName = "[No Variations]"
Added Component: Designator=R10(R 0603_L)
Add component (AddParameter): Name = "BOM名称"; Value = "贴片电阻"; VariantName = "[No Variations]"
Add component (AddParameter): Name = "优秀评价可免费更新"; Value = "联系淘宝ID：黄晶宝石，获取更新版封装库"; VariantName = "[No Variations]"
Add component (AddParameter): Name = "卖家免费技术支持，联系售后"; Value = "唯一出售店铺网址https://shop463601444.taobao.com"; VariantName = "[No Variations]"
Add component (AddParameter): Name = "本封装库来自淘宝卖家 ID：黄晶宝石"; Value = "其他店铺购入均为盗版，请立即申请退款"; VariantName = "[No Variations]"
Added Component: Designator=R11(R 0603_L)
Add component (AddParameter): Name = "BOM名称"; Value = "贴片电阻"; VariantName = "[No Variations]"
Add component (AddParameter): Name = "优秀评价可免费更新"; Value = "联系淘宝ID：黄晶宝石，获取更新版封装库"; VariantName = "[No Variations]"
Add component (AddParameter): Name = "卖家免费技术支持，联系售后"; Value = "唯一出售店铺网址https://shop463601444.taobao.com"; VariantName = "[No Variations]"
Add component (AddParameter): Name = "本封装库来自淘宝卖家 ID：黄晶宝石"; Value = "其他店铺购入均为盗版，请立即申请退款"; VariantName = "[No Variations]"
Added Component: Designator=R12(R 0603_L)
Add component (AddParameter): Name = "BOM名称"; Value = "贴片电阻"; VariantName = "[No Variations]"
Add component (AddParameter): Name = "优秀评价可免费更新"; Value = "联系淘宝ID：黄晶宝石，获取更新版封装库"; VariantName = "[No Variations]"
Add component (AddParameter): Name = "卖家免费技术支持，联系售后"; Value = "唯一出售店铺网址https://shop463601444.taobao.com"; VariantName = "[No Variations]"
Add component (AddParameter): Name = "本封装库来自淘宝卖家 ID：黄晶宝石"; Value = "其他店铺购入均为盗版，请立即申请退款"; VariantName = "[No Variations]"
Added Component: Designator=R13(R 0603_L)
Add component (AddParameter): Name = "BOM名称"; Value = "贴片电阻"; VariantName = "[No Variations]"
Add component (AddParameter): Name = "优秀评价可免费更新"; Value = "联系淘宝ID：黄晶宝石，获取更新版封装库"; VariantName = "[No Variations]"
Add component (AddParameter): Name = "卖家免费技术支持，联系售后"; Value = "唯一出售店铺网址https://shop463601444.taobao.com"; VariantName = "[No Variations]"
Add component (AddParameter): Name = "本封装库来自淘宝卖家 ID：黄晶宝石"; Value = "其他店铺购入均为盗版，请立即申请退款"; VariantName = "[No Variations]"
Added Component: Designator=R14(R 0603_L)
Add component (AddParameter): Name = "BOM名称"; Value = "贴片电阻"; VariantName = "[No Variations]"
Add component (AddParameter): Name = "优秀评价可免费更新"; Value = "联系淘宝ID：黄晶宝石，获取更新版封装库"; VariantName = "[No Variations]"
Add component (AddParameter): Name = "卖家免费技术支持，联系售后"; Value = "唯一出售店铺网址https://shop463601444.taobao.com"; VariantName = "[No Variations]"
Add component (AddParameter): Name = "本封装库来自淘宝卖家 ID：黄晶宝石"; Value = "其他店铺购入均为盗版，请立即申请退款"; VariantName = "[No Variations]"
Added Component: Designator=R15(R 0603_L)
Add component (AddParameter): Name = "BOM名称"; Value = "贴片电阻"; VariantName = "[No Variations]"
Add component (AddParameter): Name = "优秀评价可免费更新"; Value = "联系淘宝ID：黄晶宝石，获取更新版封装库"; VariantName = "[No Variations]"
Add component (AddParameter): Name = "卖家免费技术支持，联系售后"; Value = "唯一出售店铺网址https://shop463601444.taobao.com"; VariantName = "[No Variations]"
Add component (AddParameter): Name = "本封装库来自淘宝卖家 ID：黄晶宝石"; Value = "其他店铺购入均为盗版，请立即申请退款"; VariantName = "[No Variations]"
Added Component: Designator=R16(R 0603_L)
Add component (AddParameter): Name = "BOM名称"; Value = "贴片电阻"; VariantName = "[No Variations]"
Add component (AddParameter): Name = "优秀评价可免费更新"; Value = "联系淘宝ID：黄晶宝石，获取更新版封装库"; VariantName = "[No Variations]"
Add component (AddParameter): Name = "卖家免费技术支持，联系售后"; Value = "唯一出售店铺网址https://shop463601444.taobao.com"; VariantName = "[No Variations]"
Add component (AddParameter): Name = "本封装库来自淘宝卖家 ID：黄晶宝石"; Value = "其他店铺购入均为盗版，请立即申请退款"; VariantName = "[No Variations]"
Added Component: Designator=R17(R 0603_L)
Add component (AddParameter): Name = "BOM名称"; Value = "贴片电阻"; VariantName = "[No Variations]"
Add component (AddParameter): Name = "优秀评价可免费更新"; Value = "联系淘宝ID：黄晶宝石，获取更新版封装库"; VariantName = "[No Variations]"
Add component (AddParameter): Name = "卖家免费技术支持，联系售后"; Value = "唯一出售店铺网址https://shop463601444.taobao.com"; VariantName = "[No Variations]"
Add component (AddParameter): Name = "本封装库来自淘宝卖家 ID：黄晶宝石"; Value = "其他店铺购入均为盗版，请立即申请退款"; VariantName = "[No Variations]"
Added Component: Designator=R18(R 0603_L)
Add component (AddParameter): Name = "BOM名称"; Value = "贴片电阻"; VariantName = "[No Variations]"
Add component (AddParameter): Name = "优秀评价可免费更新"; Value = "联系淘宝ID：黄晶宝石，获取更新版封装库"; VariantName = "[No Variations]"
Add component (AddParameter): Name = "卖家免费技术支持，联系售后"; Value = "唯一出售店铺网址https://shop463601444.taobao.com"; VariantName = "[No Variations]"
Add component (AddParameter): Name = "本封装库来自淘宝卖家 ID：黄晶宝石"; Value = "其他店铺购入均为盗版，请立即申请退款"; VariantName = "[No Variations]"
Added Component: Designator=R19(R 0603_L)
Add component (AddParameter): Name = "BOM名称"; Value = "贴片电阻"; VariantName = "[No Variations]"
Add component (AddParameter): Name = "优秀评价可免费更新"; Value = "联系淘宝ID：黄晶宝石，获取更新版封装库"; VariantName = "[No Variations]"
Add component (AddParameter): Name = "卖家免费技术支持，联系售后"; Value = "唯一出售店铺网址https://shop463601444.taobao.com"; VariantName = "[No Variations]"
Add component (AddParameter): Name = "本封装库来自淘宝卖家 ID：黄晶宝石"; Value = "其他店铺购入均为盗版，请立即申请退款"; VariantName = "[No Variations]"
Added Component: Designator=R20(R 0603_L)
Add component (AddParameter): Name = "BOM名称"; Value = "贴片电阻"; VariantName = "[No Variations]"
Add component (AddParameter): Name = "优秀评价可免费更新"; Value = "联系淘宝ID：黄晶宝石，获取更新版封装库"; VariantName = "[No Variations]"
Add component (AddParameter): Name = "卖家免费技术支持，联系售后"; Value = "唯一出售店铺网址https://shop463601444.taobao.com"; VariantName = "[No Variations]"
Add component (AddParameter): Name = "本封装库来自淘宝卖家 ID：黄晶宝石"; Value = "其他店铺购入均为盗版，请立即申请退款"; VariantName = "[No Variations]"
Added Component: Designator=U1(QFN48 7X7_N)
Added Component: Designator=U2(VSON-10_L3.0-W2.0-P0.50-TL)
Added Component: Designator=U3(QFN28 4*4)
Added Component: Designator=U4(QFN24)
Added Component: Designator=X1(OSC 1612-4P)
Add component (AddParameter): Name = "BOM名称"; Value = "4脚无源晶振"; VariantName = "[No Variations]"
Add component (AddParameter): Name = "优秀评价可免费更新"; Value = "联系淘宝ID：黄晶宝石，获取更新版封装库"; VariantName = "[No Variations]"
Add component (AddParameter): Name = "卖家免费技术支持，联系售后"; Value = "唯一出售店铺网址https://shop463601444.taobao.com"; VariantName = "[No Variations]"
Add component (AddParameter): Name = "封装库来自淘宝卖家 ID：黄晶宝石"; Value = "其他店铺购入均为盗版，请立即申请退款"; VariantName = "[No Variations]"
Add component (AddParameter): Name = "版权归属"; Value = "封装库来自淘宝卖家 ID：黄晶宝石"; VariantName = "[No Variations]"
Added Pin To Net: NetName=+3.3V Pin=C2-2
Added Pin To Net: NetName=+3.3V Pin=C3-1
Added Pin To Net: NetName=+3.3V Pin=C6-1
Added Pin To Net: NetName=+3.3V Pin=C7-2
Added Pin To Net: NetName=+3.3V Pin=C13-1
Added Pin To Net: NetName=+3.3V Pin=C14-2
Added Pin To Net: NetName=+3.3V Pin=D1-2
Added Pin To Net: NetName=+3.3V Pin=F2-1
Added Pin To Net: NetName=+3.3V Pin=LED1-3
Added Pin To Net: NetName=+3.3V Pin=R9-2
Added Pin To Net: NetName=+3.3V Pin=R12-1
Added Pin To Net: NetName=+3.3V Pin=U1-1
Added Pin To Net: NetName=+3.3V Pin=U1-3
Added Pin To Net: NetName=+3.3V Pin=U1-4
Added Pin To Net: NetName=+3.3V Pin=U1-19
Added Pin To Net: NetName=+3.3V Pin=U1-37
Added Pin To Net: NetName=+3.3V Pin=U1-43
Added Pin To Net: NetName=+3.3V Pin=U1-46
Added Pin To Net: NetName=+3.3V Pin=U2-6
Added Pin To Net: NetName=+3.3V Pin=U3-5
Added Pin To Net: NetName=+3.3V Pin=U4-21
Added Net: Name=+3.3V
Added Pin To Net: NetName=CH_ANT Pin=R19-1
Added Pin To Net: NetName=CH_ANT Pin=U3-21
Added Net: Name=CH_ANT
Added Pin To Net: NetName=ESP32_ANT Pin=R10-1
Added Pin To Net: NetName=ESP32_ANT Pin=U1-2
Added Net: Name=ESP32_ANT
Added Pin To Net: NetName=EXIO_P00 Pin=U4-1
Added Net: Name=EXIO_P00
Added Pin To Net: NetName=EXIO_P01 Pin=U4-2
Added Net: Name=EXIO_P01
Added Pin To Net: NetName=EXIO_P02 Pin=U4-3
Added Net: Name=EXIO_P02
Added Pin To Net: NetName=EXIO_P03 Pin=U4-4
Added Net: Name=EXIO_P03
Added Pin To Net: NetName=EXIO_P04 Pin=U4-5
Added Net: Name=EXIO_P04
Added Pin To Net: NetName=EXIO_P05 Pin=U4-6
Added Net: Name=EXIO_P05
Added Pin To Net: NetName=EXIO_P06 Pin=U4-7
Added Net: Name=EXIO_P06
Added Pin To Net: NetName=EXIO_P07 Pin=U4-8
Added Net: Name=EXIO_P07
Added Pin To Net: NetName=EXIO_P10 Pin=U4-10
Added Net: Name=EXIO_P10
Added Pin To Net: NetName=EXIO_P11 Pin=U4-11
Added Net: Name=EXIO_P11
Added Pin To Net: NetName=EXIO_P12 Pin=U4-12
Added Net: Name=EXIO_P12
Added Pin To Net: NetName=EXIO_P13 Pin=U4-13
Added Net: Name=EXIO_P13
Added Pin To Net: NetName=EXIO_P14 Pin=U4-14
Added Net: Name=EXIO_P14
Added Pin To Net: NetName=EXIO_P15 Pin=U4-15
Added Net: Name=EXIO_P15
Added Pin To Net: NetName=EXIO_P16 Pin=U4-16
Added Net: Name=EXIO_P16
Added Pin To Net: NetName=EXIO_P17 Pin=U4-17
Added Net: Name=EXIO_P17
Added Pin To Net: NetName=GND Pin=C1-2
Added Pin To Net: NetName=GND Pin=C2-1
Added Pin To Net: NetName=GND Pin=C3-2
Added Pin To Net: NetName=GND Pin=C4-1
Added Pin To Net: NetName=GND Pin=C5-2
Added Pin To Net: NetName=GND Pin=C6-2
Added Pin To Net: NetName=GND Pin=C8-1
Added Pin To Net: NetName=GND Pin=C9-2
Added Pin To Net: NetName=GND Pin=C10-2
Added Pin To Net: NetName=GND Pin=C11-2
Added Pin To Net: NetName=GND Pin=C12-2
Added Pin To Net: NetName=GND Pin=C13-2
Added Pin To Net: NetName=GND Pin=C14-1
Added Pin To Net: NetName=GND Pin=D1-1
Added Pin To Net: NetName=GND Pin=D2-1
Added Pin To Net: NetName=GND Pin=J1-2
Added Pin To Net: NetName=GND Pin=J1-4
Added Pin To Net: NetName=GND Pin=J1-6
Added Pin To Net: NetName=GND Pin=J1-8
Added Pin To Net: NetName=GND Pin=J1-10
Added Pin To Net: NetName=GND Pin=J1-20
Added Pin To Net: NetName=GND Pin=J1-21
Added Pin To Net: NetName=GND Pin=J1-74
Added Pin To Net: NetName=GND Pin=J1-75
Added Pin To Net: NetName=GND Pin=L1-1
Added Pin To Net: NetName=GND Pin=L5-1
Added Pin To Net: NetName=GND Pin=R14-1
Added Pin To Net: NetName=GND Pin=R20-2
Added Pin To Net: NetName=GND Pin=U2-2
Added Pin To Net: NetName=GND Pin=U2-3
Added Pin To Net: NetName=GND Pin=U2-8
Added Pin To Net: NetName=GND Pin=U4-9
Added Pin To Net: NetName=GND Pin=U4-18
Added Pin To Net: NetName=GND Pin=U4-23
Added Pin To Net: NetName=GND Pin=U4-24
Added Pin To Net: NetName=GND Pin=X1-2
Added Pin To Net: NetName=GND Pin=X1-4
Added Net: Name=GND
Added Pin To Net: NetName=GPIO0 Pin=Q1-3
Added Pin To Net: NetName=GPIO0 Pin=U1-23
Added Net: Name=GPIO0
Added Pin To Net: NetName=Gs Pin=R8-3
Added Pin To Net: NetName=Gs Pin=R8-7
Added Net: Name=Gs
Added Pin To Net: NetName=LED_Blue Pin=R8-5
Added Net: Name=LED_Blue
Added Pin To Net: NetName=LED_Green Pin=R8-6
Added Net: Name=LED_Green
Added Pin To Net: NetName=LED_Rad Pin=R8-8
Added Net: Name=LED_Rad
Added Pin To Net: NetName=MCU_EN Pin=C4-2
Added Pin To Net: NetName=MCU_EN Pin=Q1-6
Added Pin To Net: NetName=MCU_EN Pin=R9-1
Added Pin To Net: NetName=MCU_EN Pin=U1-9
Added Net: Name=MCU_EN
Added Pin To Net: NetName=NetANT1_1 Pin=R11-2
Added Net: Name=NetANT1_1
Added Pin To Net: NetName=NetANT2_1 Pin=L4-2
Added Net: Name=NetANT2_1
Added Pin To Net: NetName=NetC5_1 Pin=C5-1
Added Pin To Net: NetName=NetC5_1 Pin=F1-2
Added Pin To Net: NetName=NetC5_1 Pin=R13-1
Added Pin To Net: NetName=NetC5_1 Pin=U2-10
Added Net: Name=NetC5_1
Added Pin To Net: NetName=NetC7_1 Pin=C7-1
Added Pin To Net: NetName=NetC7_1 Pin=R12-2
Added Pin To Net: NetName=NetC7_1 Pin=R14-2
Added Pin To Net: NetName=NetC7_1 Pin=U2-4
Added Net: Name=NetC7_1
Added Pin To Net: NetName=NetC10_1 Pin=C10-1
Added Pin To Net: NetName=NetC10_1 Pin=U3-20
Added Net: Name=NetC10_1
Added Pin To Net: NetName=NetC11_1 Pin=C11-1
Added Pin To Net: NetName=NetC11_1 Pin=C12-1
Added Pin To Net: NetName=NetC11_1 Pin=L3-1
Added Pin To Net: NetName=NetC11_1 Pin=U3-3
Added Pin To Net: NetName=NetC11_1 Pin=U3-22
Added Net: Name=NetC11_1
Added Pin To Net: NetName=NetL1_2 Pin=L1-2
Added Pin To Net: NetName=NetL1_2 Pin=R10-2
Added Pin To Net: NetName=NetL1_2 Pin=R11-1
Added Net: Name=NetL1_2
Added Pin To Net: NetName=NetL2_1 Pin=L2-1
Added Pin To Net: NetName=NetL2_1 Pin=U2-9
Added Net: Name=NetL2_1
Added Pin To Net: NetName=NetL2_2 Pin=L2-2
Added Pin To Net: NetName=NetL2_2 Pin=U2-7
Added Net: Name=NetL2_2
Added Pin To Net: NetName=NetL3_2 Pin=L3-2
Added Pin To Net: NetName=NetL3_2 Pin=U3-4
Added Net: Name=NetL3_2
Added Pin To Net: NetName=NetL4_1 Pin=L4-1
Added Pin To Net: NetName=NetL4_1 Pin=L5-2
Added Pin To Net: NetName=NetL4_1 Pin=R19-2
Added Net: Name=NetL4_1
Added Pin To Net: NetName=NetLED1_1 Pin=LED1-1
Added Pin To Net: NetName=NetLED1_1 Pin=R8-1
Added Net: Name=NetLED1_1
Added Pin To Net: NetName=NetLED1_2 Pin=LED1-2
Added Pin To Net: NetName=NetLED1_2 Pin=R8-2
Added Net: Name=NetLED1_2
Added Pin To Net: NetName=NetLED1_4 Pin=LED1-4
Added Pin To Net: NetName=NetLED1_4 Pin=R8-4
Added Net: Name=NetLED1_4
Added Pin To Net: NetName=NetQ1_2 Pin=Q1-2
Added Pin To Net: NetName=NetQ1_2 Pin=R16-2
Added Net: Name=NetQ1_2
Added Pin To Net: NetName=NetQ1_5 Pin=Q1-5
Added Pin To Net: NetName=NetQ1_5 Pin=R15-2
Added Net: Name=NetQ1_5
Added Pin To Net: NetName=NetR13_2 Pin=R13-2
Added Pin To Net: NetName=NetR13_2 Pin=U2-1
Added Net: Name=NetR13_2
Added Pin To Net: NetName=NetR17_1 Pin=R17-1
Added Pin To Net: NetName=NetR17_1 Pin=R18-1
Added Pin To Net: NetName=NetR17_1 Pin=R20-1
Added Pin To Net: NetName=NetR17_1 Pin=U3-7
Added Net: Name=NetR17_1
Added Pin To Net: NetName=NetR17_2 Pin=R17-2
Added Net: Name=NetR17_2
Added Pin To Net: NetName=NetR18_2 Pin=R18-2
Added Net: Name=NetR18_2
Added Pin To Net: NetName=NetU3_14 Pin=U3-14
Added Net: Name=NetU3_14
Added Pin To Net: NetName=NetU3_15 Pin=U3-15
Added Net: Name=NetU3_15
Added Pin To Net: NetName=NetU4_19 Pin=U4-19
Added Net: Name=NetU4_19
Added Pin To Net: NetName=NetU4_20 Pin=U4-20
Added Net: Name=NetU4_20
Added Pin To Net: NetName=NetU4_22 Pin=U4-22
Added Net: Name=NetU4_22
Added Pin To Net: NetName=POWER_IN Pin=D2-2
Added Pin To Net: NetName=POWER_IN Pin=F1-1
Added Pin To Net: NetName=POWER_IN Pin=J1-7
Added Pin To Net: NetName=POWER_IN Pin=J1-9
Added Pin To Net: NetName=POWER_IN Pin=J1-11
Added Net: Name=POWER_IN
Added Pin To Net: NetName=POWER_OUT Pin=F2-2
Added Pin To Net: NetName=POWER_OUT Pin=J1-1
Added Pin To Net: NetName=POWER_OUT Pin=J1-3
Added Pin To Net: NetName=POWER_OUT Pin=J1-5
Added Net: Name=POWER_OUT
Added Pin To Net: NetName=SYSU_DTR Pin=Q1-4
Added Pin To Net: NetName=SYSU_DTR Pin=R16-1
Added Pin To Net: NetName=SYSU_DTR Pin=U3-11
Added Net: Name=SYSU_DTR
Added Pin To Net: NetName=SYSU_RTS Pin=Q1-1
Added Pin To Net: NetName=SYSU_RTS Pin=R15-1
Added Pin To Net: NetName=SYSU_RTS Pin=U3-12
Added Net: Name=SYSU_RTS
Added Pin To Net: NetName=VDD_SDIO Pin=C1-1
Added Pin To Net: NetName=VDD_SDIO Pin=U1-26
Added Net: Name=VDD_SDIO
Added Pin To Net: NetName=X32MI Pin=C8-2
Added Pin To Net: NetName=X32MI Pin=U3-19
Added Pin To Net: NetName=X32MI Pin=X1-1
Added Net: Name=X32MI
Added Pin To Net: NetName=X32MO Pin=C9-1
Added Pin To Net: NetName=X32MO Pin=U3-18
Added Pin To Net: NetName=X32MO Pin=X1-3
Added Net: Name=X32MO
Added Class: Name=BEESP_CODE_io
Added Class: Name=BEESP_CODE_main
Added Class: Name=BEESP_CODE_usb
Added Class: Name=N000-1_[0..17]
Added Room: Name=BEESP_CODE_io
Added Room: Name=BEESP_CODE_main
Added Room: Name=BEESP_CODE_usb
