Removed Pin From Net: NetName=GND Pin=U4-25
Added Component: Designator=J1(NGFF_BKey_5+6_PCB)
Added Pin To Net: NetName=POWER_OUT Pin=J1-1
Added Pin To Net: NetName=GND Pin=J1-2
Added Pin To Net: NetName=POWER_OUT Pin=J1-3
Added Pin To Net: NetName=GND Pin=J1-4
Added Pin To Net: NetName=POWER_OUT Pin=J1-5
Added Pin To Net: NetName=GND Pin=J1-6
Added Pin To Net: NetName=POWER_IN Pin=J1-7
Added Pin To Net: NetName=GND Pin=J1-8
Added Pin To Net: NetName=POWER_IN Pin=J1-9
Added Pin To Net: NetName=GND Pin=J1-10
Added Pin To Net: NetName=POWER_IN Pin=J1-11
Added Pin To Net: NetName=GND Pin=J1-20
Added Pin To Net: NetName=GND Pin=J1-21
Added Pin To Net: NetName=GND Pin=J1-74
Added Pin To Net: NetName=GND Pin=J1-75
Added Member To Class: ClassName=BEESP_CODE_main Member=Component J1 NGFF
Added Room: Name=BEESP_CODE_io
Added Room: Name=BEESP_CODE_main
Added Room: Name=BEESP_CODE_usb
